<?xml version="1.0" encoding="UTF-8"?>
<!-- Generated by org.testng.reporters.JUnitReportReporter -->
<testsuite skipped="0" hostname="DESKTOP-69A82KC" name="com.qa.test.runner.TestRunner" tests="1" failures="0" timestamp="09 Jul 2021 16:40:15 GMT" time="35.189" errors="0">
  <testcase name="runScenario" time="35.189" classname="com.qa.test.runner.TestRunner"/>
</testsuite> <!-- com.qa.test.runner.TestRunner -->
